# JRE version: Java(TM) SE Runtime Environment (21.0.5+9) (build 21.0.5+9-LTS-239)
# Java VM: Java HotSpot(TM) 64-Bit Server VM (21.0.5+9-LTS-239, mixed mode, emulated-client, sharing, tiered, compressed oops, compressed class ptrs, g1 gc, windows-amd64)
GC Precious Log:
 CardTable entry size: 512
 Card Set container configuration: InlinePtr #cards 5 size 8 Array Of Cards #cards 12 size 40 Howl #buckets 4 coarsen threshold 1843 Howl Bitmap #cards 512 size 80 coarsen threshold 460 Card regions per heap region 1 cards per card region 2048
 CPUs: 12 total, 12 available
 Memory: 7914M
 Large Page Support: Disabled
 NUMA Support: Disabled
 Compressed Oops: Enabled (32-bit)
 Heap Region Size: 1M
 Heap Min Capacity: 8M
 Heap Initial Capacity: 124M
 Heap Max Capacity: 1980M
 Pre-touch: Disabled
 Parallel Workers: 10
 Concurrent Workers: 3
 Concurrent Refinement Workers: 10
 Periodic GC: Disabled
Heap:
 garbage-first heap   total 186368K, used 29842K [0x0000000084400000, 0x0000000100000000)
  region size 1024K, 2 young (2048K), 2 survivors (2048K)
 Metaspace       used 32230K, committed 32704K, reserved 1114112K
  class space    used 4389K, committed 4608K, reserved 1048576K
GC Heap History (20 events):
Event: 1.861 GC heap after
{Heap after GC invocations=3 (full 0):
 garbage-first heap   total 126976K, used 17778K [0x0000000084400000, 0x0000000100000000)
  region size 1024K, 8 young (8192K), 8 survivors (8192K)
 Metaspace       used 19162K, committed 19584K, reserved 1114112K
  class space    used 2634K, committed 2816K, reserved 1048576K
}
Event: 2.193 GC heap before
{Heap before GC invocations=3 (full 0):
 garbage-first heap   total 126976K, used 33138K [0x0000000084400000, 0x0000000100000000)
  region size 1024K, 25 young (25600K), 8 survivors (8192K)
 Metaspace       used 20896K, committed 21248K, reserved 1114112K
  class space    used 2858K, committed 3008K, reserved 1048576K
}
Event: 2.200 GC heap after
{Heap after GC invocations=4 (full 0):
 garbage-first heap   total 126976K, used 19777K [0x0000000084400000, 0x0000000100000000)
  region size 1024K, 3 young (3072K), 3 survivors (3072K)
 Metaspace       used 20896K, committed 21248K, reserved 1114112K
  class space    used 2858K, committed 3008K, reserved 1048576K
}
Event: 3.239 GC heap before
{Heap before GC invocations=5 (full 0):
 garbage-first heap   total 75776K, used 74049K [0x0000000084400000, 0x0000000100000000)
  region size 1024K, 56 young (57344K), 3 survivors (3072K)
 Metaspace       used 25298K, committed 25728K, reserved 1114112K
  class space    used 3449K, committed 3648K, reserved 1048576K
}
Event: 4.248 GC heap after
{Heap after GC invocations=6 (full 0):
 garbage-first heap   total 80896K, used 22678K [0x0000000084400000, 0x0000000100000000)
  region size 1024K, 5 young (5120K), 5 survivors (5120K)
 Metaspace       used 25298K, committed 25728K, reserved 1114112K
  class space    used 3449K, committed 3648K, reserved 1048576K
}
Event: 4.267 GC heap before
{Heap before GC invocations=6 (full 0):
 garbage-first heap   total 80896K, used 23702K [0x0000000084400000, 0x0000000100000000)
  region size 1024K, 6 young (6144K), 5 survivors (5120K)
 Metaspace       used 25342K, committed 25728K, reserved 1114112K
  class space    used 3459K, committed 3648K, reserved 1048576K
}
Event: 4.271 GC heap after
{Heap after GC invocations=7 (full 0):
 garbage-first heap   total 80896K, used 23246K [0x0000000084400000, 0x0000000100000000)
  region size 1024K, 1 young (1024K), 1 survivors (1024K)
 Metaspace       used 25342K, committed 25728K, reserved 1114112K
  class space    used 3459K, committed 3648K, reserved 1048576K
}
Event: 4.451 GC heap before
{Heap before GC invocations=7 (full 0):
 garbage-first heap   total 80896K, used 30414K [0x0000000084400000, 0x0000000100000000)
  region size 1024K, 9 young (9216K), 1 survivors (1024K)
 Metaspace       used 26542K, committed 27008K, reserved 1114112K
  class space    used 3624K, committed 3840K, reserved 1048576K
}
Event: 5.454 GC heap after
{Heap after GC invocations=8 (full 0):
 garbage-first heap   total 186368K, used 23134K [0x0000000084400000, 0x0000000100000000)
  region size 1024K, 1 young (1024K), 1 survivors (1024K)
 Metaspace       used 26542K, committed 27008K, reserved 1114112K
  class space    used 3624K, committed 3840K, reserved 1048576K
}
Event: 5.594 GC heap before
{Heap before GC invocations=8 (full 0):
 garbage-first heap   total 186368K, used 31326K [0x0000000084400000, 0x0000000100000000)
  region size 1024K, 9 young (9216K), 1 survivors (1024K)
 Metaspace       used 27150K, committed 27584K, reserved 1114112K
  class space    used 3708K, committed 3904K, reserved 1048576K
}
Event: 5.597 GC heap after
{Heap after GC invocations=9 (full 0):
 garbage-first heap   total 186368K, used 23865K [0x0000000084400000, 0x0000000100000000)
  region size 1024K, 2 young (2048K), 2 survivors (2048K)
 Metaspace       used 27150K, committed 27584K, reserved 1114112K
  class space    used 3708K, committed 3904K, reserved 1048576K
}
Event: 5.826 GC heap before
{Heap before GC invocations=9 (full 0):
 garbage-first heap   total 186368K, used 31033K [0x0000000084400000, 0x0000000100000000)
  region size 1024K, 9 young (9216K), 2 survivors (2048K)
 Metaspace       used 28411K, committed 28928K, reserved 1114112K
  class space    used 3914K, committed 4160K, reserved 1048576K
}
Event: 5.829 GC heap after
{Heap after GC invocations=10 (full 0):
 garbage-first heap   total 186368K, used 24788K [0x0000000084400000, 0x0000000100000000)
  region size 1024K, 2 young (2048K), 2 survivors (2048K)
 Metaspace       used 28411K, committed 28928K, reserved 1114112K
  class space    used 3914K, committed 4160K, reserved 1048576K
}
Event: 5.999 GC heap before
{Heap before GC invocations=10 (full 0):
 garbage-first heap   total 186368K, used 30932K [0x0000000084400000, 0x0000000100000000)
  region size 1024K, 9 young (9216K), 2 survivors (2048K)
 Metaspace       used 29319K, committed 29760K, reserved 1114112K
  class space    used 4072K, committed 4288K, reserved 1048576K
}
Event: 6.002 GC heap after
{Heap after GC invocations=11 (full 0):
 garbage-first heap   total 186368K, used 25509K [0x0000000084400000, 0x0000000100000000)
  region size 1024K, 2 young (2048K), 2 survivors (2048K)
 Metaspace       used 29319K, committed 29760K, reserved 1114112K
  class space    used 4072K, committed 4288K, reserved 1048576K
}
Event: 6.248 GC heap before
{Heap before GC invocations=11 (full 0):
 garbage-first heap   total 186368K, used 32677K [0x0000000084400000, 0x0000000100000000)
  region size 1024K, 9 young (9216K), 2 survivors (2048K)
 Metaspace       used 30535K, committed 31040K, reserved 1114112K
  class space    used 4215K, committed 4480K, reserved 1048576K
}
Event: 6.250 GC heap after
{Heap after GC invocations=12 (full 0):
 garbage-first heap   total 186368K, used 26146K [0x0000000084400000, 0x0000000100000000)
  region size 1024K, 2 young (2048K), 2 survivors (2048K)
 Metaspace       used 30535K, committed 31040K, reserved 1114112K
  class space    used 4215K, committed 4480K, reserved 1048576K
}
Event: 6.358 GC heap before
{Heap before GC invocations=12 (full 0):
 garbage-first heap   total 186368K, used 33314K [0x0000000084400000, 0x0000000100000000)
  region size 1024K, 9 young (9216K), 2 survivors (2048K)
 Metaspace       used 31757K, committed 32320K, reserved 1114112K
  class space    used 4338K, committed 4608K, reserved 1048576K
}
Event: 6.360 GC heap after
{Heap after GC invocations=13 (full 0):
 garbage-first heap   total 186368K, used 27700K [0x0000000084400000, 0x0000000100000000)
  region size 1024K, 2 young (2048K), 2 survivors (2048K)
 Metaspace       used 31757K, committed 32320K, reserved 1114112K
  class space    used 4338K, committed 4608K, reserved 1048576K
}
Event: 6.434 GC heap before
{Heap before GC invocations=13 (full 0):
 garbage-first heap   total 186368K, used 35892K [0x0000000084400000, 0x0000000100000000)
  region size 1024K, 9 young (9216K), 2 survivors (2048K)
 Metaspace       used 32230K, committed 32704K, reserved 1114112K
  class space    used 4389K, committed 4608K, reserved 1048576K
}

